生成启动时间为 04.16 11:54:11 PM。
     1>项目“D:\Users\Tong\Desktop\CSE_LAB1\CSE_LAB1\SimpleUnixFileSystemLayerSimulator\SimpleUnixFileSystemLayerSimulator\SimpleUnixFileSystemLayerSimulator.vcxproj”在节点 2 上(Build 个目标)。
     1>ClCompile:
         D:\Program Files (x86)\Microsoft Visual Studio 11.0\VC\bin\CL.exe /c /ZI /nologo /W3 /WX- /Od /Oy- /D WIN32 /D _DEBUG /D _CONSOLE /D _MBCS /Gm /EHsc /RTC1 /MDd /GS /fp:precise /Zc:wchar_t /Zc:forScope /Fo"Debug\\" /Fd"Debug\vc110.pdb" /Gd /TP /analyze- /errorReport:prompt SimpleUnixFileSystemLayerSimulator.cpp
         SimpleUnixFileSystemLayerSimulator.cpp
     1>d:\users\tong\desktop\cse_lab1\cse_lab1\simpleunixfilesystemlayersimulator\simpleunixfilesystemlayersimulator\pathutility.h(29): warning C4996: 'strcat': This function or variable may be unsafe. Consider using strcat_s instead. To disable deprecation, use _CRT_SECURE_NO_WARNINGS. See online help for details.
                 d:\program files (x86)\microsoft visual studio 11.0\vc\include\string.h(115) : 参见“strcat”的声明
     1>d:\users\tong\desktop\cse_lab1\cse_lab1\simpleunixfilesystemlayersimulator\simpleunixfilesystemlayersimulator\pathutility.h(43): warning C4996: 'strcat': This function or variable may be unsafe. Consider using strcat_s instead. To disable deprecation, use _CRT_SECURE_NO_WARNINGS. See online help for details.
                 d:\program files (x86)\microsoft visual studio 11.0\vc\include\string.h(115) : 参见“strcat”的声明
     1>d:\users\tong\desktop\cse_lab1\cse_lab1\simpleunixfilesystemlayersimulator\simpleunixfilesystemlayersimulator\simpleunixfilesystemlayersimulator.cpp(717): warning C4244: “初始化”: 从“std::streamoff”转换到“int”，可能丢失数据
     1>d:\users\tong\desktop\cse_lab1\cse_lab1\simpleunixfilesystemlayersimulator\simpleunixfilesystemlayersimulator\simpleunixfilesystemlayersimulator.cpp(719): warning C4244: “初始化”: 从“std::streamoff”转换到“int”，可能丢失数据
     1>d:\users\tong\desktop\cse_lab1\cse_lab1\simpleunixfilesystemlayersimulator\simpleunixfilesystemlayersimulator\simpleunixfilesystemlayersimulator.cpp(442): warning C4700: 使用了未初始化的局部变量“inode”
     1>d:\users\tong\desktop\cse_lab1\cse_lab1\simpleunixfilesystemlayersimulator\simpleunixfilesystemlayersimulator\simpleunixfilesystemlayersimulator.cpp(574): warning C4700: 使用了未初始化的局部变量“inode”
       Link:
         D:\Program Files (x86)\Microsoft Visual Studio 11.0\VC\bin\link.exe /ERRORREPORT:PROMPT /OUT:"D:\Users\Tong\Desktop\CSE_LAB1\CSE_LAB1\SimpleUnixFileSystemLayerSimulator\Debug\SimpleUnixFileSystemLayerSimulator.exe" /INCREMENTAL /NOLOGO kernel32.lib user32.lib gdi32.lib winspool.lib comdlg32.lib advapi32.lib shell32.lib ole32.lib oleaut32.lib uuid.lib odbc32.lib odbccp32.lib /MANIFEST /MANIFESTUAC:"level='asInvoker' uiAccess='false'" /manifest:embed /DEBUG /PDB:"D:\Users\Tong\Desktop\CSE_LAB1\CSE_LAB1\SimpleUnixFileSystemLayerSimulator\Debug\SimpleUnixFileSystemLayerSimulator.pdb" /SUBSYSTEM:CONSOLE /TLBID:1 /DYNAMICBASE /NXCOMPAT /IMPLIB:"D:\Users\Tong\Desktop\CSE_LAB1\CSE_LAB1\SimpleUnixFileSystemLayerSimulator\Debug\SimpleUnixFileSystemLayerSimulator.lib" /MACHINE:X86 Debug\PathUtility.obj
         Debug\SimpleUnixFileSystemLayerSimulator.obj
         Debug\stdafx.obj
         SimpleUnixFileSystemLayerSimulator.vcxproj -> D:\Users\Tong\Desktop\CSE_LAB1\CSE_LAB1\SimpleUnixFileSystemLayerSimulator\Debug\SimpleUnixFileSystemLayerSimulator.exe
     1>已完成生成项目“D:\Users\Tong\Desktop\CSE_LAB1\CSE_LAB1\SimpleUnixFileSystemLayerSimulator\SimpleUnixFileSystemLayerSimulator\SimpleUnixFileSystemLayerSimulator.vcxproj”(Build 个目标)的操作。

生成成功。

已用时间 00:00:11.52
